d:\mycode\edoyunproject\winwindow(三)\winwindow\debug\vc142.pdb
d:\mycode\edoyunproject\winwindow(三)\winwindow\debug\vc142.idb
d:\mycode\edoyunproject\winwindow(三)\winwindow\debug\winwindow.obj
d:\mycode\edoyunproject\winwindow(三)\winwindow\debug\winwindow.ilk
d:\mycode\edoyunproject\winwindow(三)\debug\winwindow.exe
d:\mycode\edoyunproject\winwindow(三)\debug\winwindow.pdb
d:\mycode\edoyunproject\winwindow(三)\winwindow\debug\winwindow.res
d:\mycode\edoyunproject\winwindow(四)\winwindow\debug\winwindow.obj
d:\mycode\edoyunproject\winwindow(四)\winwindow\debug\winwindow.ilk
d:\mycode\edoyunproject\winwindow(四)\winwindow\debug\winwindow.res
d:\mycode\edoyunproject\winwindow(四)\winwindow\debug\vc142.idb
d:\mycode\edoyunproject\winwindow(四)\winwindow\debug\vc142.pdb
d:\mycode\edoyunproject\winwindow(四)\debug\winwindow.pdb
d:\mycode\edoyunproject\winwindow(四)\debug\winwindow.exe
d:\mycode\edoyunproject\winwindow(四)\winwindow\debug\winwindow.tlog\cl.command.1.tlog
d:\mycode\edoyunproject\winwindow(四)\winwindow\debug\winwindow.tlog\cl.read.1.tlog
d:\mycode\edoyunproject\winwindow(四)\winwindow\debug\winwindow.tlog\cl.write.1.tlog
d:\mycode\edoyunproject\winwindow(四)\winwindow\debug\winwindow.tlog\link.command.1.tlog
d:\mycode\edoyunproject\winwindow(四)\winwindow\debug\winwindow.tlog\link.read.1.tlog
d:\mycode\edoyunproject\winwindow(四)\winwindow\debug\winwindow.tlog\link.write.1.tlog
d:\mycode\edoyunproject\winwindow(四)\winwindow\debug\winwindow.tlog\rc.command.1.tlog
d:\mycode\edoyunproject\winwindow(四)\winwindow\debug\winwindow.tlog\rc.read.1.tlog
d:\mycode\edoyunproject\winwindow(四)\winwindow\debug\winwindow.tlog\rc.write.1.tlog
