d:\mycode\edoyunproject\mfcpaint\mfcpaint\debug\mfcpaint.pch
d:\mycode\edoyunproject\mfcpaint\mfcpaint\debug\vc142.pdb
d:\mycode\edoyunproject\mfcpaint\mfcpaint\debug\vc142.idb
d:\mycode\edoyunproject\mfcpaint\mfcpaint\debug\pch.obj
d:\mycode\edoyunproject\mfcpaint\mfcpaint\debug\viewtree.obj
d:\mycode\edoyunproject\mfcpaint\mfcpaint\debug\propertieswnd.obj
d:\mycode\edoyunproject\mfcpaint\mfcpaint\debug\outputwnd.obj
d:\mycode\edoyunproject\mfcpaint\mfcpaint\debug\mfcpaintview.obj
d:\mycode\edoyunproject\mfcpaint\mfcpaint\debug\mfcpaintdoc.obj
d:\mycode\edoyunproject\mfcpaint\mfcpaint\debug\mfcpaint.obj
d:\mycode\edoyunproject\mfcpaint\mfcpaint\debug\mainfrm.obj
d:\mycode\edoyunproject\mfcpaint\mfcpaint\debug\fileview.obj
d:\mycode\edoyunproject\mfcpaint\mfcpaint\debug\classview.obj
d:\mycode\edoyunproject\mfcpaint\debug\mfcpaint.exe
d:\mycode\edoyunproject\mfcpaint\mfcpaint\debug\mfcpaint.ilk
d:\mycode\edoyunproject\mfcpaint\debug\mfcpaint.pdb
d:\mycode\edoyunproject\mfcpaint\mfcpaint\debug\mfcpaint.res
d:\mycode\edoyunproject\mfcpaint\mfcpaint\debug\mfcpaint.tlog\cl.command.1.tlog
d:\mycode\edoyunproject\mfcpaint\mfcpaint\debug\mfcpaint.tlog\cl.read.1.tlog
d:\mycode\edoyunproject\mfcpaint\mfcpaint\debug\mfcpaint.tlog\cl.write.1.tlog
d:\mycode\edoyunproject\mfcpaint\mfcpaint\debug\mfcpaint.tlog\link.command.1.tlog
d:\mycode\edoyunproject\mfcpaint\mfcpaint\debug\mfcpaint.tlog\link.read.1.tlog
d:\mycode\edoyunproject\mfcpaint\mfcpaint\debug\mfcpaint.tlog\link.write.1.tlog
d:\mycode\edoyunproject\mfcpaint\mfcpaint\debug\mfcpaint.tlog\rc.command.1.tlog
d:\mycode\edoyunproject\mfcpaint\mfcpaint\debug\mfcpaint.tlog\rc.read.1.tlog
d:\mycode\edoyunproject\mfcpaint\mfcpaint\debug\mfcpaint.tlog\rc.write.1.tlog
